c:\users\hannes\downloads\nanohack-main\nanohack-main\nanohack\x64\release\vc142.pdb
c:\users\hannes\downloads\nanohack-main\nanohack-main\nanohack\x64\release\checkbox.obj
c:\users\hannes\downloads\nanohack-main\nanohack-main\nanohack\x64\release\button.obj
c:\users\hannes\downloads\nanohack-main\nanohack-main\nanohack\x64\release\unix_socket.obj
c:\users\hannes\downloads\nanohack-main\nanohack-main\nanohack\x64\release\timeout.obj
c:\users\hannes\downloads\nanohack-main\nanohack-main\nanohack\x64\release\proxies.obj
c:\users\hannes\downloads\nanohack-main\nanohack-main\nanohack\x64\release\multipart.obj
c:\users\hannes\downloads\nanohack-main\nanohack-main\nanohack\x64\release\auth.obj
c:\users\hannes\downloads\nanohack-main\nanohack-main\nanohack\x64\release\widgets.obj
c:\users\hannes\downloads\nanohack-main\nanohack-main\nanohack\x64\release\textbox.obj
c:\users\hannes\downloads\nanohack-main\nanohack-main\nanohack\x64\release\tabpanel.obj
c:\users\hannes\downloads\nanohack-main\nanohack-main\nanohack\x64\release\slider.obj
c:\users\hannes\downloads\nanohack-main\nanohack-main\nanohack\x64\release\multibox.obj
c:\users\hannes\downloads\nanohack-main\nanohack-main\nanohack\x64\release\listbox.obj
c:\users\hannes\downloads\nanohack-main\nanohack-main\nanohack\x64\release\label.obj
c:\users\hannes\downloads\nanohack-main\nanohack-main\nanohack\x64\release\keybinder.obj
c:\users\hannes\downloads\nanohack-main\nanohack-main\nanohack\x64\release\container.obj
c:\users\hannes\downloads\nanohack-main\nanohack-main\nanohack\x64\release\combobox.obj
c:\users\hannes\downloads\nanohack-main\nanohack-main\nanohack\x64\release\colorpicker.obj
c:\users\hannes\downloads\nanohack-main\nanohack-main\nanohack\x64\release\entry.obj
c:\users\hannes\downloads\nanohack-main\nanohack-main\nanohack\x64\release\util.obj
c:\users\hannes\downloads\nanohack-main\nanohack-main\nanohack\x64\release\session.obj
c:\users\hannes\downloads\nanohack-main\nanohack-main\nanohack\x64\release\response.obj
c:\users\hannes\downloads\nanohack-main\nanohack-main\nanohack\x64\release\proxyauth.obj
c:\users\hannes\downloads\nanohack-main\nanohack-main\nanohack\x64\release\payload.obj
c:\users\hannes\downloads\nanohack-main\nanohack-main\nanohack\x64\release\parameters.obj
c:\users\hannes\downloads\nanohack-main\nanohack-main\nanohack\x64\release\error.obj
c:\users\hannes\downloads\nanohack-main\nanohack-main\nanohack\x64\release\curl_container.obj
c:\users\hannes\downloads\nanohack-main\nanohack-main\nanohack\x64\release\curlholder.obj
c:\users\hannes\downloads\nanohack-main\nanohack-main\nanohack\x64\release\cprtypes.obj
c:\users\hannes\downloads\nanohack-main\nanohack-main\nanohack\x64\release\cookies.obj
c:\users\hannes\downloads\nanohack-main\nanohack-main\nanohack\x64\release\bearer.obj
c:\users\hannes\downloads\nanohack-main\nanohack-main\x64\release\nanohack.dll
c:\users\hannes\downloads\nanohack-main\nanohack-main\nanohack\x64\release\nanohack.ipdb
c:\users\hannes\downloads\nanohack-main\nanohack-main\nanohack\x64\release\nanohack.iobj
c:\users\hannes\downloads\nanohack-main\nanohack-main\x64\release\nanohack.map
c:\users\hannes\downloads\nanohack-main\nanohack-main\x64\release\nanohack.pdb
c:\users\hannes\downloads\nanohack-main\nanohack-main\nanohack\x64\release\nanohack.tlog\cl.command.1.tlog
c:\users\hannes\downloads\nanohack-main\nanohack-main\nanohack\x64\release\nanohack.tlog\cl.read.1.tlog
c:\users\hannes\downloads\nanohack-main\nanohack-main\nanohack\x64\release\nanohack.tlog\cl.write.1.tlog
c:\users\hannes\downloads\nanohack-main\nanohack-main\nanohack\x64\release\nanohack.tlog\link.command.1.tlog
c:\users\hannes\downloads\nanohack-main\nanohack-main\nanohack\x64\release\nanohack.tlog\link.read.1.tlog
c:\users\hannes\downloads\nanohack-main\nanohack-main\nanohack\x64\release\nanohack.tlog\link.write.1.tlog
